<?xml version="1.0" encoding="UTF-8"?>
<!-- Generated by org.testng.reporters.JUnitReportReporter -->
<testsuite hostname="ip-172-31-47-190" failures="0" tests="1" name="com.stackroute.dummy.RoundWay" time="8.247" errors="0" timestamp="2021-02-07T13:49:39 UTC" skipped="0">
  <testcase classname="com.stackroute.dummy.RoundWay" name="verifyLoginTest02" time="8.247"/>
  <system-out/>
</testsuite> <!-- com.stackroute.dummy.RoundWay -->
