<?xml version="1.0" encoding="UTF-8"?>
<!-- Generated by org.testng.reporters.JUnitReportReporter -->
<testsuite hostname="ip-172-31-47-190" failures="0" tests="1" name="com.stackroute.dummy.AppTest" time="9.104" errors="0" timestamp="2021-02-07T14:01:42 UTC" skipped="0">
  <testcase classname="com.stackroute.dummy.AppTest" name="verifyLoginTest01" time="9.104"/>
  <system-out/>
</testsuite> <!-- com.stackroute.dummy.AppTest -->
